{"/Users/siyuan/Documents/www/frame-moban/nuxt-moban/components/Footers.vue": {"path":"/Users/siyuan/Documents/www/frame-moban/nuxt-moban/components/Footers.vue","statementMap":{"0":{"start":{"line":74,"column":0},"end":{"line":74,"column":null}},"1":{"start":{"line":77,"column":0},"end":{"line":77,"column":null}},"2":{"start":{"line":85,"column":0},"end":{"line":85,"column":null}},"3":{"start":{"line":89,"column":0},"end":{"line":89,"column":null}},"4":{"start":{"line":90,"column":0},"end":{"line":99,"column":null}},"5":{"start":{"line":91,"column":0},"end":{"line":91,"column":null}},"6":{"start":{"line":92,"column":0},"end":{"line":92,"column":null}},"7":{"start":{"line":93,"column":0},"end":{"line":93,"column":null}},"8":{"start":{"line":94,"column":0},"end":{"line":94,"column":null}},"9":{"start":{"line":98,"column":0},"end":{"line":98,"column":null}},"10":{"start":{"line":100,"column":0},"end":{"line":100,"column":null}},"11":{"start":{"line":101,"column":0},"end":{"line":101,"column":null}},"12":{"start":{"line":102,"column":0},"end":{"line":116,"column":null}},"13":{"start":{"line":102,"column":0},"end":{"line":102,"column":null}},"14":{"start":{"line":103,"column":0},"end":{"line":103,"column":null}},"15":{"start":{"line":104,"column":0},"end":{"line":104,"column":null}},"16":{"start":{"line":105,"column":0},"end":{"line":114,"column":null}},"17":{"start":{"line":106,"column":0},"end":{"line":106,"column":null}},"18":{"start":{"line":107,"column":0},"end":{"line":107,"column":null}},"19":{"start":{"line":108,"column":0},"end":{"line":112,"column":null}},"20":{"start":{"line":109,"column":0},"end":{"line":109,"column":null}},"21":{"start":{"line":110,"column":0},"end":{"line":110,"column":null}},"22":{"start":{"line":111,"column":0},"end":{"line":111,"column":null}},"23":{"start":{"line":113,"column":0},"end":{"line":113,"column":null}},"24":{"start":{"line":115,"column":0},"end":{"line":115,"column":null}},"25":{"start":{"line":117,"column":0},"end":{"line":117,"column":null}},"26":{"start":{"line":118,"column":0},"end":{"line":118,"column":null}}},"fnMap":{"0":{"name":"(anonymous_1)","decl":{"start":{"line":72,"column":0},"end":{"line":72,"column":null}},"loc":{"start":{"line":72,"column":0},"end":{"line":75,"column":null}}},"1":{"name":"(anonymous_2)","decl":{"start":{"line":76,"column":0},"end":{"line":76,"column":null}},"loc":{"start":{"line":76,"column":0},"end":{"line":82,"column":null}}},"2":{"name":"(anonymous_3)","decl":{"start":{"line":83,"column":0},"end":{"line":83,"column":null}},"loc":{"start":{"line":83,"column":0},"end":{"line":86,"column":null}}},"3":{"name":"(anonymous_4)","decl":{"start":{"line":88,"column":0},"end":{"line":88,"column":null}},"loc":{"start":{"line":88,"column":0},"end":{"line":119,"column":null}}},"4":{"name":"(anonymous_5)","decl":{"start":{"line":108,"column":0},"end":{"line":108,"column":null}},"loc":{"start":{"line":108,"column":0},"end":{"line":112,"column":null}}}},"branchMap":{"0":{"loc":{"start":{"line":90,"column":0},"end":{"line":99,"column":null}},"type":"if","locations":[{"start":{"line":90,"column":0},"end":{"line":99,"column":null}},{"start":{"line":90,"column":0},"end":{"line":99,"column":null}}]},"1":{"loc":{"start":{"line":105,"column":0},"end":{"line":114,"column":null}},"type":"if","locations":[{"start":{"line":105,"column":0},"end":{"line":114,"column":null}},{"start":{"line":105,"column":0},"end":{"line":114,"column":null}}]}},"s":{"0":0,"1":0,"2":0,"3":0,"4":0,"5":0,"6":0,"7":0,"8":0,"9":0,"10":0,"11":0,"12":0,"13":0,"14":0,"15":0,"16":0,"17":0,"18":0,"19":0,"20":0,"21":0,"22":0,"23":0,"24":0,"25":0,"26":0},"f":{"0":0,"1":0,"2":0,"3":0,"4":0},"b":{"0":[0,0],"1":[0,0]}}
,"/Users/siyuan/Documents/www/frame-moban/nuxt-moban/components/Headers.vue": {"path":"/Users/siyuan/Documents/www/frame-moban/nuxt-moban/components/Headers.vue","statementMap":{"0":{"start":{"line":9,"column":0},"end":{"line":9,"column":null}},"1":{"start":{"line":10,"column":0},"end":{"line":10,"column":null}},"2":{"start":{"line":25,"column":0},"end":{"line":25,"column":null}},"3":{"start":{"line":33,"column":0},"end":{"line":33,"column":null}},"4":{"start":{"line":39,"column":0},"end":{"line":39,"column":null}},"5":{"start":{"line":43,"column":0},"end":{"line":43,"column":null}},"6":{"start":{"line":46,"column":0},"end":{"line":46,"column":null}},"7":{"start":{"line":47,"column":0},"end":{"line":47,"column":null}},"8":{"start":{"line":48,"column":0},"end":{"line":52,"column":null}},"9":{"start":{"line":49,"column":0},"end":{"line":49,"column":null}},"10":{"start":{"line":50,"column":0},"end":{"line":50,"column":null}},"11":{"start":{"line":51,"column":0},"end":{"line":51,"column":null}},"12":{"start":{"line":54,"column":0},"end":{"line":54,"column":null}},"13":{"start":{"line":55,"column":0},"end":{"line":72,"column":null}},"14":{"start":{"line":55,"column":0},"end":{"line":55,"column":null}},"15":{"start":{"line":56,"column":0},"end":{"line":56,"column":null}},"16":{"start":{"line":58,"column":0},"end":{"line":58,"column":null}},"17":{"start":{"line":60,"column":0},"end":{"line":69,"column":null}},"18":{"start":{"line":61,"column":0},"end":{"line":61,"column":null}},"19":{"start":{"line":62,"column":0},"end":{"line":62,"column":null}},"20":{"start":{"line":63,"column":0},"end":{"line":67,"column":null}},"21":{"start":{"line":64,"column":0},"end":{"line":64,"column":null}},"22":{"start":{"line":65,"column":0},"end":{"line":65,"column":null}},"23":{"start":{"line":66,"column":0},"end":{"line":66,"column":null}},"24":{"start":{"line":68,"column":0},"end":{"line":68,"column":null}},"25":{"start":{"line":71,"column":0},"end":{"line":71,"column":null}},"26":{"start":{"line":74,"column":0},"end":{"line":76,"column":null}},"27":{"start":{"line":75,"column":0},"end":{"line":75,"column":null}},"28":{"start":{"line":78,"column":0},"end":{"line":78,"column":null}}},"fnMap":{"0":{"name":"(anonymous_2)","decl":{"start":{"line":24,"column":0},"end":{"line":24,"column":null}},"loc":{"start":{"line":24,"column":0},"end":{"line":26,"column":null}}},"1":{"name":"(anonymous_3)","decl":{"start":{"line":29,"column":0},"end":{"line":29,"column":null}},"loc":{"start":{"line":29,"column":0},"end":{"line":31,"column":null}}},"2":{"name":"(anonymous_4)","decl":{"start":{"line":32,"column":0},"end":{"line":32,"column":null}},"loc":{"start":{"line":32,"column":0},"end":{"line":37,"column":null}}},"3":{"name":"(anonymous_5)","decl":{"start":{"line":38,"column":0},"end":{"line":38,"column":null}},"loc":{"start":{"line":38,"column":0},"end":{"line":40,"column":null}}},"4":{"name":"(anonymous_6)","decl":{"start":{"line":42,"column":0},"end":{"line":42,"column":null}},"loc":{"start":{"line":42,"column":0},"end":{"line":44,"column":null}}},"5":{"name":"(anonymous_7)","decl":{"start":{"line":45,"column":0},"end":{"line":45,"column":null}},"loc":{"start":{"line":45,"column":0},"end":{"line":79,"column":null}}},"6":{"name":"(anonymous_8)","decl":{"start":{"line":63,"column":0},"end":{"line":63,"column":null}},"loc":{"start":{"line":63,"column":0},"end":{"line":67,"column":null}}}},"branchMap":{"0":{"loc":{"start":{"line":48,"column":0},"end":{"line":52,"column":null}},"type":"if","locations":[{"start":{"line":48,"column":0},"end":{"line":52,"column":null}},{"start":{"line":48,"column":0},"end":{"line":52,"column":null}}]},"1":{"loc":{"start":{"line":60,"column":0},"end":{"line":69,"column":null}},"type":"if","locations":[{"start":{"line":60,"column":0},"end":{"line":69,"column":null}},{"start":{"line":60,"column":0},"end":{"line":69,"column":null}}]},"2":{"loc":{"start":{"line":74,"column":0},"end":{"line":76,"column":null}},"type":"if","locations":[{"start":{"line":74,"column":0},"end":{"line":76,"column":null}},{"start":{"line":74,"column":0},"end":{"line":76,"column":null}}]}},"s":{"0":0,"1":0,"2":0,"3":0,"4":0,"5":0,"6":0,"7":0,"8":0,"9":0,"10":0,"11":0,"12":0,"13":0,"14":0,"15":0,"16":0,"17":0,"18":0,"19":0,"20":0,"21":0,"22":0,"23":0,"24":0,"25":0,"26":0,"27":0,"28":0},"f":{"0":0,"1":0,"2":0,"3":0,"4":0,"5":0,"6":0},"b":{"0":[0,0],"1":[0,0],"2":[0,0]}}
,"/Users/siyuan/Documents/www/frame-moban/nuxt-moban/components/index/Banner.vue": {"path":"/Users/siyuan/Documents/www/frame-moban/nuxt-moban/components/index/Banner.vue","statementMap":{"0":{"start":{"line":21,"column":0},"end":{"line":21,"column":null}},"1":{"start":{"line":27,"column":0},"end":{"line":29,"column":null}},"2":{"start":{"line":34,"column":0},"end":{"line":34,"column":null}},"3":{"start":{"line":35,"column":0},"end":{"line":35,"column":null}},"4":{"start":{"line":69,"column":0},"end":{"line":69,"column":null}},"5":{"start":{"line":70,"column":0},"end":{"line":70,"column":null}},"6":{"start":{"line":71,"column":0},"end":{"line":78,"column":null}},"7":{"start":{"line":72,"column":0},"end":{"line":72,"column":null}},"8":{"start":{"line":75,"column":0},"end":{"line":75,"column":null}},"9":{"start":{"line":76,"column":0},"end":{"line":76,"column":null}},"10":{"start":{"line":77,"column":0},"end":{"line":77,"column":null}},"11":{"start":{"line":79,"column":0},"end":{"line":79,"column":null}},"12":{"start":{"line":80,"column":0},"end":{"line":82,"column":null}},"13":{"start":{"line":81,"column":0},"end":{"line":81,"column":null}}},"fnMap":{"0":{"name":"(anonymous_1)","decl":{"start":{"line":20,"column":0},"end":{"line":20,"column":null}},"loc":{"start":{"line":20,"column":0},"end":{"line":25,"column":null}}},"1":{"name":"(anonymous_2)","decl":{"start":{"line":26,"column":0},"end":{"line":26,"column":null}},"loc":{"start":{"line":26,"column":0},"end":{"line":31,"column":null}}},"2":{"name":"(anonymous_3)","decl":{"start":{"line":27,"column":0},"end":{"line":27,"column":null}},"loc":{"start":{"line":27,"column":0},"end":{"line":29,"column":null}}},"3":{"name":"(anonymous_4)","decl":{"start":{"line":33,"column":0},"end":{"line":33,"column":null}},"loc":{"start":{"line":33,"column":0},"end":{"line":67,"column":null}}},"4":{"name":"(anonymous_5)","decl":{"start":{"line":59,"column":0},"end":{"line":59,"column":null}},"loc":{"start":{"line":59,"column":0},"end":{"line":61,"column":null}}},"5":{"name":"(anonymous_6)","decl":{"start":{"line":62,"column":0},"end":{"line":62,"column":null}},"loc":{"start":{"line":62,"column":0},"end":{"line":64,"column":null}}},"6":{"name":"(anonymous_7)","decl":{"start":{"line":68,"column":0},"end":{"line":68,"column":null}},"loc":{"start":{"line":68,"column":0},"end":{"line":83,"column":null}}},"7":{"name":"(anonymous_8)","decl":{"start":{"line":80,"column":0},"end":{"line":80,"column":null}},"loc":{"start":{"line":80,"column":0},"end":{"line":82,"column":null}}}},"branchMap":{"0":{"loc":{"start":{"line":71,"column":0},"end":{"line":78,"column":null}},"type":"if","locations":[{"start":{"line":71,"column":0},"end":{"line":78,"column":null}},{"start":{"line":71,"column":0},"end":{"line":78,"column":null}}]}},"s":{"0":0,"1":0,"2":0,"3":0,"4":0,"5":0,"6":0,"7":0,"8":0,"9":0,"10":0,"11":0,"12":0,"13":0},"f":{"0":0,"1":0,"2":0,"3":0,"4":0,"5":0,"6":0,"7":0},"b":{"0":[0,0]}}
,"/Users/siyuan/Documents/www/frame-moban/nuxt-moban/components/public/Avatar.vue": {"path":"/Users/siyuan/Documents/www/frame-moban/nuxt-moban/components/public/Avatar.vue","statementMap":{"0":{"start":{"line":31,"column":0},"end":{"line":31,"column":null}},"1":{"start":{"line":32,"column":0},"end":{"line":32,"column":null}},"2":{"start":{"line":45,"column":0},"end":{"line":45,"column":null}},"3":{"start":{"line":61,"column":0},"end":{"line":61,"column":null}},"4":{"start":{"line":65,"column":0},"end":{"line":65,"column":null}},"5":{"start":{"line":75,"column":0},"end":{"line":75,"column":null}},"6":{"start":{"line":87,"column":0},"end":{"line":87,"column":null}},"7":{"start":{"line":88,"column":0},"end":{"line":88,"column":null}},"8":{"start":{"line":89,"column":0},"end":{"line":89,"column":null}}},"fnMap":{"0":{"name":"(anonymous_2)","decl":{"start":{"line":44,"column":0},"end":{"line":44,"column":null}},"loc":{"start":{"line":44,"column":0},"end":{"line":58,"column":null}}},"1":{"name":"(anonymous_3)","decl":{"start":{"line":60,"column":0},"end":{"line":60,"column":null}},"loc":{"start":{"line":60,"column":0},"end":{"line":62,"column":null}}},"2":{"name":"(anonymous_4)","decl":{"start":{"line":64,"column":0},"end":{"line":64,"column":null}},"loc":{"start":{"line":64,"column":0},"end":{"line":66,"column":null}}},"3":{"name":"(anonymous_5)","decl":{"start":{"line":73,"column":0},"end":{"line":73,"column":null}},"loc":{"start":{"line":73,"column":0},"end":{"line":76,"column":null}}},"4":{"name":"(anonymous_6)","decl":{"start":{"line":83,"column":0},"end":{"line":83,"column":null}},"loc":{"start":{"line":83,"column":0},"end":{"line":90,"column":null}}},"5":{"name":"(anonymous_7)","decl":{"start":{"line":88,"column":0},"end":{"line":88,"column":null}},"loc":{"start":{"line":88,"column":0},"end":{"line":88,"column":null}}},"6":{"name":"(anonymous_8)","decl":{"start":{"line":97,"column":0},"end":{"line":97,"column":null}},"loc":{"start":{"line":97,"column":0},"end":{"line":100,"column":null}}}},"branchMap":{},"s":{"0":0,"1":0,"2":0,"3":0,"4":0,"5":0,"6":0,"7":0,"8":0},"f":{"0":0,"1":0,"2":0,"3":0,"4":0,"5":0,"6":0},"b":{}}
,"/Users/siyuan/Documents/www/frame-moban/nuxt-moban/components/public/ItemBanner.vue": {"path":"/Users/siyuan/Documents/www/frame-moban/nuxt-moban/components/public/ItemBanner.vue","statementMap":{"0":{"start":{"line":28,"column":0},"end":{"line":28,"column":null}},"1":{"start":{"line":33,"column":0},"end":{"line":33,"column":null}},"2":{"start":{"line":37,"column":0},"end":{"line":37,"column":null}},"3":{"start":{"line":38,"column":0},"end":{"line":40,"column":null}},"4":{"start":{"line":39,"column":0},"end":{"line":39,"column":null}},"5":{"start":{"line":41,"column":0},"end":{"line":41,"column":null}},"6":{"start":{"line":42,"column":0},"end":{"line":55,"column":null}},"7":{"start":{"line":43,"column":0},"end":{"line":43,"column":null}},"8":{"start":{"line":44,"column":0},"end":{"line":44,"column":null}},"9":{"start":{"line":45,"column":0},"end":{"line":51,"column":null}},"10":{"start":{"line":46,"column":0},"end":{"line":46,"column":null}},"11":{"start":{"line":47,"column":0},"end":{"line":50,"column":null}},"12":{"start":{"line":48,"column":0},"end":{"line":48,"column":null}},"13":{"start":{"line":49,"column":0},"end":{"line":49,"column":null}},"14":{"start":{"line":54,"column":0},"end":{"line":54,"column":null}}},"fnMap":{"0":{"name":"(anonymous_1)","decl":{"start":{"line":27,"column":0},"end":{"line":27,"column":null}},"loc":{"start":{"line":27,"column":0},"end":{"line":31,"column":null}}},"1":{"name":"(anonymous_2)","decl":{"start":{"line":32,"column":0},"end":{"line":32,"column":null}},"loc":{"start":{"line":32,"column":0},"end":{"line":34,"column":null}}},"2":{"name":"(anonymous_3)","decl":{"start":{"line":36,"column":0},"end":{"line":36,"column":null}},"loc":{"start":{"line":36,"column":0},"end":{"line":56,"column":null}}}},"branchMap":{"0":{"loc":{"start":{"line":38,"column":0},"end":{"line":40,"column":null}},"type":"if","locations":[{"start":{"line":38,"column":0},"end":{"line":40,"column":null}},{"start":{"line":38,"column":0},"end":{"line":40,"column":null}}]},"1":{"loc":{"start":{"line":42,"column":0},"end":{"line":55,"column":null}},"type":"if","locations":[{"start":{"line":42,"column":0},"end":{"line":55,"column":null}},{"start":{"line":42,"column":0},"end":{"line":55,"column":null}}]},"2":{"loc":{"start":{"line":45,"column":0},"end":{"line":51,"column":null}},"type":"if","locations":[{"start":{"line":45,"column":0},"end":{"line":51,"column":null}},{"start":{"line":45,"column":0},"end":{"line":51,"column":null}}]},"3":{"loc":{"start":{"line":47,"column":0},"end":{"line":50,"column":null}},"type":"if","locations":[{"start":{"line":47,"column":0},"end":{"line":50,"column":null}},{"start":{"line":47,"column":0},"end":{"line":50,"column":null}}]}},"s":{"0":0,"1":0,"2":0,"3":0,"4":0,"5":0,"6":0,"7":0,"8":0,"9":0,"10":0,"11":0,"12":0,"13":0,"14":0},"f":{"0":0,"1":0,"2":0},"b":{"0":[0,0],"1":[0,0],"2":[0,0],"3":[0,0]}}
,"/Users/siyuan/Documents/www/frame-moban/nuxt-moban/components/public/LoginModel.vue": {"path":"/Users/siyuan/Documents/www/frame-moban/nuxt-moban/components/public/LoginModel.vue","statementMap":{"0":{"start":{"line":79,"column":0},"end":{"line":79,"column":null}},"1":{"start":{"line":89,"column":0},"end":{"line":89,"column":null}},"2":{"start":{"line":107,"column":0},"end":{"line":107,"column":null}},"3":{"start":{"line":111,"column":0},"end":{"line":117,"column":null}},"4":{"start":{"line":112,"column":0},"end":{"line":112,"column":null}},"5":{"start":{"line":113,"column":0},"end":{"line":113,"column":null}},"6":{"start":{"line":114,"column":0},"end":{"line":114,"column":null}},"7":{"start":{"line":116,"column":0},"end":{"line":116,"column":null}},"8":{"start":{"line":118,"column":0},"end":{"line":118,"column":null}},"9":{"start":{"line":119,"column":0},"end":{"line":119,"column":null}},"10":{"start":{"line":122,"column":0},"end":{"line":122,"column":null}},"11":{"start":{"line":123,"column":0},"end":{"line":123,"column":null}},"12":{"start":{"line":124,"column":0},"end":{"line":124,"column":null}},"13":{"start":{"line":127,"column":0},"end":{"line":127,"column":null}},"14":{"start":{"line":130,"column":0},"end":{"line":130,"column":null}},"15":{"start":{"line":131,"column":0},"end":{"line":141,"column":null}},"16":{"start":{"line":132,"column":0},"end":{"line":134,"column":null}},"17":{"start":{"line":140,"column":0},"end":{"line":140,"column":null}},"18":{"start":{"line":142,"column":0},"end":{"line":144,"column":null}},"19":{"start":{"line":143,"column":0},"end":{"line":143,"column":null}},"20":{"start":{"line":145,"column":0},"end":{"line":145,"column":null}},"21":{"start":{"line":146,"column":0},"end":{"line":151,"column":null}},"22":{"start":{"line":147,"column":0},"end":{"line":150,"column":null}},"23":{"start":{"line":148,"column":0},"end":{"line":148,"column":null}},"24":{"start":{"line":149,"column":0},"end":{"line":149,"column":null}},"25":{"start":{"line":154,"column":0},"end":{"line":154,"column":null}},"26":{"start":{"line":155,"column":0},"end":{"line":155,"column":null}},"27":{"start":{"line":156,"column":0},"end":{"line":164,"column":null}},"28":{"start":{"line":157,"column":0},"end":{"line":157,"column":null}},"29":{"start":{"line":158,"column":0},"end":{"line":160,"column":null}},"30":{"start":{"line":159,"column":0},"end":{"line":159,"column":null}},"31":{"start":{"line":162,"column":0},"end":{"line":162,"column":null}},"32":{"start":{"line":163,"column":0},"end":{"line":163,"column":null}},"33":{"start":{"line":167,"column":0},"end":{"line":167,"column":null}},"34":{"start":{"line":168,"column":0},"end":{"line":178,"column":null}},"35":{"start":{"line":169,"column":0},"end":{"line":171,"column":null}},"36":{"start":{"line":177,"column":0},"end":{"line":177,"column":null}},"37":{"start":{"line":179,"column":0},"end":{"line":183,"column":null}},"38":{"start":{"line":180,"column":0},"end":{"line":180,"column":null}},"39":{"start":{"line":182,"column":0},"end":{"line":182,"column":null}},"40":{"start":{"line":184,"column":0},"end":{"line":184,"column":null}},"41":{"start":{"line":185,"column":0},"end":{"line":185,"column":null}},"42":{"start":{"line":186,"column":0},"end":{"line":201,"column":null}},"43":{"start":{"line":187,"column":0},"end":{"line":187,"column":null}},"44":{"start":{"line":188,"column":0},"end":{"line":188,"column":null}},"45":{"start":{"line":189,"column":0},"end":{"line":189,"column":null}},"46":{"start":{"line":190,"column":0},"end":{"line":190,"column":null}},"47":{"start":{"line":192,"column":0},"end":{"line":192,"column":null}},"48":{"start":{"line":193,"column":0},"end":{"line":195,"column":null}},"49":{"start":{"line":205,"column":0},"end":{"line":205,"column":null}},"50":{"start":{"line":206,"column":0},"end":{"line":206,"column":null}},"51":{"start":{"line":207,"column":0},"end":{"line":207,"column":null}}},"fnMap":{"0":{"name":"(anonymous_2)","decl":{"start":{"line":88,"column":0},"end":{"line":88,"column":null}},"loc":{"start":{"line":88,"column":0},"end":{"line":105,"column":null}}},"1":{"name":"(anonymous_3)","decl":{"start":{"line":106,"column":0},"end":{"line":106,"column":null}},"loc":{"start":{"line":106,"column":0},"end":{"line":108,"column":null}}},"2":{"name":"(anonymous_4)","decl":{"start":{"line":110,"column":0},"end":{"line":110,"column":null}},"loc":{"start":{"line":110,"column":0},"end":{"line":120,"column":null}}},"3":{"name":"(anonymous_5)","decl":{"start":{"line":121,"column":0},"end":{"line":121,"column":null}},"loc":{"start":{"line":121,"column":0},"end":{"line":125,"column":null}}},"4":{"name":"(anonymous_6)","decl":{"start":{"line":126,"column":0},"end":{"line":126,"column":null}},"loc":{"start":{"line":126,"column":0},"end":{"line":128,"column":null}}},"5":{"name":"(anonymous_7)","decl":{"start":{"line":129,"column":0},"end":{"line":129,"column":null}},"loc":{"start":{"line":129,"column":0},"end":{"line":152,"column":null}}},"6":{"name":"(anonymous_8)","decl":{"start":{"line":134,"column":0},"end":{"line":134,"column":null}},"loc":{"start":{"line":134,"column":0},"end":{"line":134,"column":null}}},"7":{"name":"(anonymous_9)","decl":{"start":{"line":146,"column":0},"end":{"line":146,"column":null}},"loc":{"start":{"line":146,"column":0},"end":{"line":151,"column":null}}},"8":{"name":"(anonymous_10)","decl":{"start":{"line":153,"column":0},"end":{"line":153,"column":null}},"loc":{"start":{"line":153,"column":0},"end":{"line":165,"column":null}}},"9":{"name":"(anonymous_11)","decl":{"start":{"line":158,"column":0},"end":{"line":158,"column":null}},"loc":{"start":{"line":158,"column":0},"end":{"line":160,"column":null}}},"10":{"name":"(anonymous_12)","decl":{"start":{"line":166,"column":0},"end":{"line":166,"column":null}},"loc":{"start":{"line":166,"column":0},"end":{"line":202,"column":null}}},"11":{"name":"(anonymous_13)","decl":{"start":{"line":171,"column":0},"end":{"line":171,"column":null}},"loc":{"start":{"line":171,"column":0},"end":{"line":171,"column":null}}},"12":{"name":"(anonymous_14)","decl":{"start":{"line":195,"column":0},"end":{"line":195,"column":null}},"loc":{"start":{"line":195,"column":0},"end":{"line":195,"column":null}}},"13":{"name":"(anonymous_15)","decl":{"start":{"line":204,"column":0},"end":{"line":204,"column":null}},"loc":{"start":{"line":204,"column":0},"end":{"line":208,"column":null}}}},"branchMap":{"0":{"loc":{"start":{"line":111,"column":0},"end":{"line":117,"column":null}},"type":"if","locations":[{"start":{"line":111,"column":0},"end":{"line":117,"column":null}},{"start":{"line":111,"column":0},"end":{"line":117,"column":null}}]},"1":{"loc":{"start":{"line":131,"column":0},"end":{"line":141,"column":null}},"type":"if","locations":[{"start":{"line":131,"column":0},"end":{"line":141,"column":null}},{"start":{"line":131,"column":0},"end":{"line":141,"column":null}}]},"2":{"loc":{"start":{"line":142,"column":0},"end":{"line":144,"column":null}},"type":"if","locations":[{"start":{"line":142,"column":0},"end":{"line":144,"column":null}},{"start":{"line":142,"column":0},"end":{"line":144,"column":null}}]},"3":{"loc":{"start":{"line":147,"column":0},"end":{"line":150,"column":null}},"type":"if","locations":[{"start":{"line":147,"column":0},"end":{"line":150,"column":null}},{"start":{"line":147,"column":0},"end":{"line":150,"column":null}}]},"4":{"loc":{"start":{"line":156,"column":0},"end":{"line":164,"column":null}},"type":"if","locations":[{"start":{"line":156,"column":0},"end":{"line":164,"column":null}},{"start":{"line":156,"column":0},"end":{"line":164,"column":null}}]},"5":{"loc":{"start":{"line":168,"column":0},"end":{"line":178,"column":null}},"type":"if","locations":[{"start":{"line":168,"column":0},"end":{"line":178,"column":null}},{"start":{"line":168,"column":0},"end":{"line":178,"column":null}}]},"6":{"loc":{"start":{"line":179,"column":0},"end":{"line":183,"column":null}},"type":"if","locations":[{"start":{"line":179,"column":0},"end":{"line":183,"column":null}},{"start":{"line":179,"column":0},"end":{"line":183,"column":null}}]},"7":{"loc":{"start":{"line":186,"column":0},"end":{"line":201,"column":null}},"type":"if","locations":[{"start":{"line":186,"column":0},"end":{"line":201,"column":null}},{"start":{"line":186,"column":0},"end":{"line":201,"column":null}}]}},"s":{"0":0,"1":0,"2":0,"3":0,"4":0,"5":0,"6":0,"7":0,"8":0,"9":0,"10":0,"11":0,"12":0,"13":0,"14":0,"15":0,"16":0,"17":0,"18":0,"19":0,"20":0,"21":0,"22":0,"23":0,"24":0,"25":0,"26":0,"27":0,"28":0,"29":0,"30":0,"31":0,"32":0,"33":0,"34":0,"35":0,"36":0,"37":0,"38":0,"39":0,"40":0,"41":0,"42":0,"43":0,"44":0,"45":0,"46":0,"47":0,"48":0,"49":0,"50":0,"51":0},"f":{"0":0,"1":0,"2":0,"3":0,"4":0,"5":0,"6":0,"7":0,"8":0,"9":0,"10":0,"11":0,"12":0,"13":0},"b":{"0":[0,0],"1":[0,0],"2":[0,0],"3":[0,0],"4":[0,0],"5":[0,0],"6":[0,0],"7":[0,0]}}
,"/Users/siyuan/Documents/www/frame-moban/nuxt-moban/components/public/MapMetting.vue": {"path":"/Users/siyuan/Documents/www/frame-moban/nuxt-moban/components/public/MapMetting.vue","statementMap":{"0":{"start":{"line":6,"column":0},"end":{"line":6,"column":null}},"1":{"start":{"line":13,"column":0},"end":{"line":13,"column":null}},"2":{"start":{"line":18,"column":0},"end":{"line":18,"column":null}},"3":{"start":{"line":27,"column":0},"end":{"line":27,"column":null}},"4":{"start":{"line":28,"column":0},"end":{"line":28,"column":null}},"5":{"start":{"line":36,"column":0},"end":{"line":38,"column":null}},"6":{"start":{"line":37,"column":0},"end":{"line":37,"column":null}},"7":{"start":{"line":39,"column":0},"end":{"line":39,"column":null}},"8":{"start":{"line":57,"column":0},"end":{"line":72,"column":null}},"9":{"start":{"line":58,"column":0},"end":{"line":58,"column":null}},"10":{"start":{"line":59,"column":0},"end":{"line":61,"column":null}},"11":{"start":{"line":60,"column":0},"end":{"line":60,"column":null}},"12":{"start":{"line":62,"column":0},"end":{"line":68,"column":null}},"13":{"start":{"line":62,"column":0},"end":{"line":62,"column":null}},"14":{"start":{"line":63,"column":0},"end":{"line":63,"column":null}},"15":{"start":{"line":64,"column":0},"end":{"line":64,"column":null}},"16":{"start":{"line":65,"column":0},"end":{"line":65,"column":null}},"17":{"start":{"line":66,"column":0},"end":{"line":66,"column":null}},"18":{"start":{"line":67,"column":0},"end":{"line":67,"column":null}},"19":{"start":{"line":69,"column":0},"end":{"line":69,"column":null}},"20":{"start":{"line":71,"column":0},"end":{"line":71,"column":null}},"21":{"start":{"line":75,"column":0},"end":{"line":75,"column":null}},"22":{"start":{"line":76,"column":0},"end":{"line":76,"column":null}},"23":{"start":{"line":81,"column":0},"end":{"line":81,"column":null}},"24":{"start":{"line":82,"column":0},"end":{"line":82,"column":null}},"25":{"start":{"line":84,"column":0},"end":{"line":107,"column":null}},"26":{"start":{"line":85,"column":0},"end":{"line":85,"column":null}},"27":{"start":{"line":86,"column":0},"end":{"line":86,"column":null}},"28":{"start":{"line":87,"column":0},"end":{"line":87,"column":null}},"29":{"start":{"line":92,"column":0},"end":{"line":92,"column":null}},"30":{"start":{"line":95,"column":0},"end":{"line":95,"column":null}},"31":{"start":{"line":98,"column":0},"end":{"line":98,"column":null}},"32":{"start":{"line":101,"column":0},"end":{"line":101,"column":null}},"33":{"start":{"line":104,"column":0},"end":{"line":104,"column":null}},"34":{"start":{"line":106,"column":0},"end":{"line":106,"column":null}},"35":{"start":{"line":110,"column":0},"end":{"line":123,"column":null}},"36":{"start":{"line":111,"column":0},"end":{"line":111,"column":null}},"37":{"start":{"line":116,"column":0},"end":{"line":122,"column":null}},"38":{"start":{"line":117,"column":0},"end":{"line":121,"column":null}},"39":{"start":{"line":118,"column":0},"end":{"line":118,"column":null}},"40":{"start":{"line":120,"column":0},"end":{"line":120,"column":null}},"41":{"start":{"line":126,"column":0},"end":{"line":126,"column":null}},"42":{"start":{"line":133,"column":0},"end":{"line":133,"column":null}},"43":{"start":{"line":135,"column":0},"end":{"line":135,"column":null}},"44":{"start":{"line":136,"column":0},"end":{"line":136,"column":null}},"45":{"start":{"line":149,"column":0},"end":{"line":149,"column":null}},"46":{"start":{"line":155,"column":0},"end":{"line":155,"column":null}},"47":{"start":{"line":156,"column":0},"end":{"line":156,"column":null}},"48":{"start":{"line":159,"column":0},"end":{"line":159,"column":null}},"49":{"start":{"line":161,"column":0},"end":{"line":167,"column":null}},"50":{"start":{"line":161,"column":0},"end":{"line":161,"column":null}}},"fnMap":{"0":{"name":"(anonymous_4)","decl":{"start":{"line":12,"column":0},"end":{"line":12,"column":null}},"loc":{"start":{"line":12,"column":0},"end":{"line":14,"column":null}}},"1":{"name":"(anonymous_5)","decl":{"start":{"line":17,"column":0},"end":{"line":17,"column":null}},"loc":{"start":{"line":17,"column":0},"end":{"line":23,"column":null}}},"2":{"name":"(anonymous_6)","decl":{"start":{"line":26,"column":0},"end":{"line":26,"column":null}},"loc":{"start":{"line":26,"column":0},"end":{"line":29,"column":null}}},"3":{"name":"(anonymous_7)","decl":{"start":{"line":33,"column":0},"end":{"line":33,"column":null}},"loc":{"start":{"line":33,"column":0},"end":{"line":33,"column":null}}},"4":{"name":"(anonymous_8)","decl":{"start":{"line":35,"column":0},"end":{"line":35,"column":null}},"loc":{"start":{"line":35,"column":0},"end":{"line":73,"column":null}}},"5":{"name":"(anonymous_9)","decl":{"start":{"line":74,"column":0},"end":{"line":74,"column":null}},"loc":{"start":{"line":74,"column":0},"end":{"line":108,"column":null}}},"6":{"name":"(anonymous_10)","decl":{"start":{"line":84,"column":0},"end":{"line":84,"column":null}},"loc":{"start":{"line":84,"column":0},"end":{"line":107,"column":null}}},"7":{"name":"(anonymous_11)","decl":{"start":{"line":109,"column":0},"end":{"line":109,"column":null}},"loc":{"start":{"line":109,"column":0},"end":{"line":124,"column":null}}},"8":{"name":"(anonymous_12)","decl":{"start":{"line":110,"column":0},"end":{"line":110,"column":null}},"loc":{"start":{"line":110,"column":0},"end":{"line":123,"column":null}}},"9":{"name":"(anonymous_13)","decl":{"start":{"line":116,"column":0},"end":{"line":116,"column":null}},"loc":{"start":{"line":116,"column":0},"end":{"line":122,"column":null}}},"10":{"name":"(anonymous_14)","decl":{"start":{"line":125,"column":0},"end":{"line":125,"column":null}},"loc":{"start":{"line":125,"column":0},"end":{"line":150,"column":null}}},"11":{"name":"(anonymous_15)","decl":{"start":{"line":151,"column":0},"end":{"line":151,"column":null}},"loc":{"start":{"line":151,"column":0},"end":{"line":157,"column":null}}},"12":{"name":"(anonymous_16)","decl":{"start":{"line":158,"column":0},"end":{"line":158,"column":null}},"loc":{"start":{"line":158,"column":0},"end":{"line":168,"column":null}}}},"branchMap":{"0":{"loc":{"start":{"line":36,"column":0},"end":{"line":38,"column":null}},"type":"if","locations":[{"start":{"line":36,"column":0},"end":{"line":38,"column":null}},{"start":{"line":36,"column":0},"end":{"line":38,"column":null}}]},"1":{"loc":{"start":{"line":59,"column":0},"end":{"line":61,"column":null}},"type":"if","locations":[{"start":{"line":59,"column":0},"end":{"line":61,"column":null}},{"start":{"line":59,"column":0},"end":{"line":61,"column":null}}]},"2":{"loc":{"start":{"line":90,"column":0},"end":{"line":90,"column":null}},"type":"cond-expr","locations":[{"start":{"line":90,"column":0},"end":{"line":90,"column":null}},{"start":{"line":90,"column":0},"end":{"line":90,"column":null}}]},"3":{"loc":{"start":{"line":116,"column":0},"end":{"line":116,"column":null}},"type":"binary-expr","locations":[{"start":{"line":116,"column":0},"end":{"line":116,"column":null}},{"start":{"line":116,"column":0},"end":{"line":116,"column":null}}]},"4":{"loc":{"start":{"line":117,"column":0},"end":{"line":121,"column":null}},"type":"if","locations":[{"start":{"line":117,"column":0},"end":{"line":121,"column":null}},{"start":{"line":117,"column":0},"end":{"line":121,"column":null}}]},"5":{"loc":{"start":{"line":117,"column":0},"end":{"line":117,"column":null}},"type":"binary-expr","locations":[{"start":{"line":117,"column":0},"end":{"line":117,"column":null}},{"start":{"line":117,"column":0},"end":{"line":117,"column":null}}]}},"s":{"0":0,"1":0,"2":0,"3":0,"4":0,"5":0,"6":0,"7":0,"8":0,"9":0,"10":0,"11":0,"12":0,"13":0,"14":0,"15":0,"16":0,"17":0,"18":0,"19":0,"20":0,"21":0,"22":0,"23":0,"24":0,"25":0,"26":0,"27":0,"28":0,"29":0,"30":0,"31":0,"32":0,"33":0,"34":0,"35":0,"36":0,"37":0,"38":0,"39":0,"40":0,"41":0,"42":0,"43":0,"44":0,"45":0,"46":0,"47":0,"48":0,"49":0,"50":0},"f":{"0":0,"1":0,"2":0,"3":0,"4":0,"5":0,"6":0,"7":0,"8":0,"9":0,"10":0,"11":0,"12":0},"b":{"0":[0,0],"1":[0,0],"2":[0,0],"3":[0,0],"4":[0,0],"5":[0,0]}}
,"/Users/siyuan/Documents/www/frame-moban/nuxt-moban/components/public/MapMettingEn.vue": {"path":"/Users/siyuan/Documents/www/frame-moban/nuxt-moban/components/public/MapMettingEn.vue","statementMap":{"0":{"start":{"line":6,"column":0},"end":{"line":6,"column":null}},"1":{"start":{"line":13,"column":0},"end":{"line":13,"column":null}},"2":{"start":{"line":18,"column":0},"end":{"line":18,"column":null}},"3":{"start":{"line":25,"column":0},"end":{"line":25,"column":null}},"4":{"start":{"line":32,"column":0},"end":{"line":32,"column":null}},"5":{"start":{"line":33,"column":0},"end":{"line":33,"column":null}},"6":{"start":{"line":41,"column":0},"end":{"line":44,"column":null}},"7":{"start":{"line":42,"column":0},"end":{"line":42,"column":null}},"8":{"start":{"line":43,"column":0},"end":{"line":43,"column":null}},"9":{"start":{"line":46,"column":0},"end":{"line":46,"column":null}},"10":{"start":{"line":65,"column":0},"end":{"line":80,"column":null}},"11":{"start":{"line":66,"column":0},"end":{"line":66,"column":null}},"12":{"start":{"line":67,"column":0},"end":{"line":69,"column":null}},"13":{"start":{"line":68,"column":0},"end":{"line":68,"column":null}},"14":{"start":{"line":70,"column":0},"end":{"line":76,"column":null}},"15":{"start":{"line":70,"column":0},"end":{"line":70,"column":null}},"16":{"start":{"line":71,"column":0},"end":{"line":71,"column":null}},"17":{"start":{"line":72,"column":0},"end":{"line":72,"column":null}},"18":{"start":{"line":73,"column":0},"end":{"line":73,"column":null}},"19":{"start":{"line":74,"column":0},"end":{"line":74,"column":null}},"20":{"start":{"line":75,"column":0},"end":{"line":75,"column":null}},"21":{"start":{"line":79,"column":0},"end":{"line":79,"column":null}},"22":{"start":{"line":83,"column":0},"end":{"line":83,"column":null}},"23":{"start":{"line":85,"column":0},"end":{"line":108,"column":null}},"24":{"start":{"line":86,"column":0},"end":{"line":86,"column":null}},"25":{"start":{"line":92,"column":0},"end":{"line":104,"column":null}},"26":{"start":{"line":94,"column":0},"end":{"line":94,"column":null}},"27":{"start":{"line":97,"column":0},"end":{"line":97,"column":null}},"28":{"start":{"line":100,"column":0},"end":{"line":100,"column":null}},"29":{"start":{"line":103,"column":0},"end":{"line":103,"column":null}},"30":{"start":{"line":106,"column":0},"end":{"line":106,"column":null}},"31":{"start":{"line":107,"column":0},"end":{"line":107,"column":null}},"32":{"start":{"line":111,"column":0},"end":{"line":124,"column":null}},"33":{"start":{"line":112,"column":0},"end":{"line":112,"column":null}},"34":{"start":{"line":117,"column":0},"end":{"line":123,"column":null}},"35":{"start":{"line":118,"column":0},"end":{"line":122,"column":null}},"36":{"start":{"line":119,"column":0},"end":{"line":119,"column":null}},"37":{"start":{"line":121,"column":0},"end":{"line":121,"column":null}},"38":{"start":{"line":127,"column":0},"end":{"line":127,"column":null}},"39":{"start":{"line":133,"column":0},"end":{"line":133,"column":null}},"40":{"start":{"line":135,"column":0},"end":{"line":135,"column":null}},"41":{"start":{"line":136,"column":0},"end":{"line":136,"column":null}},"42":{"start":{"line":147,"column":0},"end":{"line":147,"column":null}},"43":{"start":{"line":153,"column":0},"end":{"line":153,"column":null}}},"fnMap":{"0":{"name":"(anonymous_4)","decl":{"start":{"line":12,"column":0},"end":{"line":12,"column":null}},"loc":{"start":{"line":12,"column":0},"end":{"line":14,"column":null}}},"1":{"name":"(anonymous_5)","decl":{"start":{"line":17,"column":0},"end":{"line":17,"column":null}},"loc":{"start":{"line":17,"column":0},"end":{"line":23,"column":null}}},"2":{"name":"(anonymous_6)","decl":{"start":{"line":24,"column":0},"end":{"line":24,"column":null}},"loc":{"start":{"line":24,"column":0},"end":{"line":28,"column":null}}},"3":{"name":"(anonymous_7)","decl":{"start":{"line":31,"column":0},"end":{"line":31,"column":null}},"loc":{"start":{"line":31,"column":0},"end":{"line":34,"column":null}}},"4":{"name":"(anonymous_8)","decl":{"start":{"line":38,"column":0},"end":{"line":38,"column":null}},"loc":{"start":{"line":38,"column":0},"end":{"line":38,"column":null}}},"5":{"name":"(anonymous_9)","decl":{"start":{"line":40,"column":0},"end":{"line":40,"column":null}},"loc":{"start":{"line":40,"column":0},"end":{"line":81,"column":null}}},"6":{"name":"(anonymous_10)","decl":{"start":{"line":43,"column":0},"end":{"line":43,"column":null}},"loc":{"start":{"line":43,"column":0},"end":{"line":43,"column":null}}},"7":{"name":"(anonymous_11)","decl":{"start":{"line":82,"column":0},"end":{"line":82,"column":null}},"loc":{"start":{"line":82,"column":0},"end":{"line":109,"column":null}}},"8":{"name":"(anonymous_12)","decl":{"start":{"line":85,"column":0},"end":{"line":85,"column":null}},"loc":{"start":{"line":85,"column":0},"end":{"line":108,"column":null}}},"9":{"name":"(anonymous_13)","decl":{"start":{"line":92,"column":0},"end":{"line":92,"column":null}},"loc":{"start":{"line":92,"column":0},"end":{"line":104,"column":null}}},"10":{"name":"(anonymous_14)","decl":{"start":{"line":110,"column":0},"end":{"line":110,"column":null}},"loc":{"start":{"line":110,"column":0},"end":{"line":125,"column":null}}},"11":{"name":"(anonymous_15)","decl":{"start":{"line":111,"column":0},"end":{"line":111,"column":null}},"loc":{"start":{"line":111,"column":0},"end":{"line":124,"column":null}}},"12":{"name":"(anonymous_16)","decl":{"start":{"line":117,"column":0},"end":{"line":117,"column":null}},"loc":{"start":{"line":117,"column":0},"end":{"line":123,"column":null}}},"13":{"name":"(anonymous_17)","decl":{"start":{"line":126,"column":0},"end":{"line":126,"column":null}},"loc":{"start":{"line":126,"column":0},"end":{"line":148,"column":null}}},"14":{"name":"(anonymous_18)","decl":{"start":{"line":149,"column":0},"end":{"line":149,"column":null}},"loc":{"start":{"line":149,"column":0},"end":{"line":154,"column":null}}}},"branchMap":{"0":{"loc":{"start":{"line":41,"column":0},"end":{"line":44,"column":null}},"type":"if","locations":[{"start":{"line":41,"column":0},"end":{"line":44,"column":null}},{"start":{"line":41,"column":0},"end":{"line":44,"column":null}}]},"1":{"loc":{"start":{"line":67,"column":0},"end":{"line":69,"column":null}},"type":"if","locations":[{"start":{"line":67,"column":0},"end":{"line":69,"column":null}},{"start":{"line":67,"column":0},"end":{"line":69,"column":null}}]},"2":{"loc":{"start":{"line":89,"column":0},"end":{"line":89,"column":null}},"type":"cond-expr","locations":[{"start":{"line":89,"column":0},"end":{"line":89,"column":null}},{"start":{"line":89,"column":0},"end":{"line":89,"column":null}}]},"3":{"loc":{"start":{"line":117,"column":0},"end":{"line":117,"column":null}},"type":"binary-expr","locations":[{"start":{"line":117,"column":0},"end":{"line":117,"column":null}},{"start":{"line":117,"column":0},"end":{"line":117,"column":null}}]},"4":{"loc":{"start":{"line":118,"column":0},"end":{"line":122,"column":null}},"type":"if","locations":[{"start":{"line":118,"column":0},"end":{"line":122,"column":null}},{"start":{"line":118,"column":0},"end":{"line":122,"column":null}}]},"5":{"loc":{"start":{"line":118,"column":0},"end":{"line":118,"column":null}},"type":"binary-expr","locations":[{"start":{"line":118,"column":0},"end":{"line":118,"column":null}},{"start":{"line":118,"column":0},"end":{"line":118,"column":null}}]}},"s":{"0":0,"1":0,"2":0,"3":0,"4":0,"5":0,"6":0,"7":0,"8":0,"9":0,"10":0,"11":0,"12":0,"13":0,"14":0,"15":0,"16":0,"17":0,"18":0,"19":0,"20":0,"21":0,"22":0,"23":0,"24":0,"25":0,"26":0,"27":0,"28":0,"29":0,"30":0,"31":0,"32":0,"33":0,"34":0,"35":0,"36":0,"37":0,"38":0,"39":0,"40":0,"41":0,"42":0,"43":0},"f":{"0":0,"1":0,"2":0,"3":0,"4":0,"5":0,"6":0,"7":0,"8":0,"9":0,"10":0,"11":0,"12":0,"13":0,"14":0},"b":{"0":[0,0],"1":[0,0],"2":[0,0],"3":[0,0],"4":[0,0],"5":[0,0]}}
,"/Users/siyuan/Documents/www/frame-moban/nuxt-moban/components/public/Paginator.vue": {"path":"/Users/siyuan/Documents/www/frame-moban/nuxt-moban/components/public/Paginator.vue","statementMap":{"0":{"start":{"line":44,"column":0},"end":{"line":44,"column":null}},"1":{"start":{"line":50,"column":0},"end":{"line":52,"column":null}},"2":{"start":{"line":51,"column":0},"end":{"line":51,"column":null}},"3":{"start":{"line":53,"column":0},"end":{"line":55,"column":null}},"4":{"start":{"line":54,"column":0},"end":{"line":54,"column":null}},"5":{"start":{"line":56,"column":0},"end":{"line":56,"column":null}},"6":{"start":{"line":59,"column":0},"end":{"line":59,"column":null}},"7":{"start":{"line":62,"column":0},"end":{"line":64,"column":null}},"8":{"start":{"line":63,"column":0},"end":{"line":63,"column":null}},"9":{"start":{"line":65,"column":0},"end":{"line":67,"column":null}},"10":{"start":{"line":66,"column":0},"end":{"line":66,"column":null}},"11":{"start":{"line":68,"column":0},"end":{"line":68,"column":null}},"12":{"start":{"line":72,"column":0},"end":{"line":74,"column":null}},"13":{"start":{"line":73,"column":0},"end":{"line":73,"column":null}},"14":{"start":{"line":78,"column":0},"end":{"line":78,"column":null}},"15":{"start":{"line":79,"column":0},"end":{"line":79,"column":null}},"16":{"start":{"line":82,"column":0},"end":{"line":84,"column":null}},"17":{"start":{"line":83,"column":0},"end":{"line":83,"column":null}},"18":{"start":{"line":87,"column":0},"end":{"line":89,"column":null}},"19":{"start":{"line":88,"column":0},"end":{"line":88,"column":null}}},"fnMap":{"0":{"name":"(anonymous_1)","decl":{"start":{"line":43,"column":0},"end":{"line":43,"column":null}},"loc":{"start":{"line":43,"column":0},"end":{"line":47,"column":null}}},"1":{"name":"(anonymous_2)","decl":{"start":{"line":49,"column":0},"end":{"line":49,"column":null}},"loc":{"start":{"line":49,"column":0},"end":{"line":57,"column":null}}},"2":{"name":"(anonymous_3)","decl":{"start":{"line":58,"column":0},"end":{"line":58,"column":null}},"loc":{"start":{"line":58,"column":0},"end":{"line":60,"column":null}}},"3":{"name":"(anonymous_4)","decl":{"start":{"line":61,"column":0},"end":{"line":61,"column":null}},"loc":{"start":{"line":61,"column":0},"end":{"line":69,"column":null}}},"4":{"name":"(anonymous_5)","decl":{"start":{"line":71,"column":0},"end":{"line":71,"column":null}},"loc":{"start":{"line":71,"column":0},"end":{"line":75,"column":null}}},"5":{"name":"(anonymous_6)","decl":{"start":{"line":77,"column":0},"end":{"line":77,"column":null}},"loc":{"start":{"line":77,"column":0},"end":{"line":80,"column":null}}},"6":{"name":"(anonymous_7)","decl":{"start":{"line":81,"column":0},"end":{"line":81,"column":null}},"loc":{"start":{"line":81,"column":0},"end":{"line":85,"column":null}}},"7":{"name":"(anonymous_8)","decl":{"start":{"line":86,"column":0},"end":{"line":86,"column":null}},"loc":{"start":{"line":86,"column":0},"end":{"line":90,"column":null}}}},"branchMap":{"0":{"loc":{"start":{"line":50,"column":0},"end":{"line":52,"column":null}},"type":"if","locations":[{"start":{"line":50,"column":0},"end":{"line":52,"column":null}},{"start":{"line":50,"column":0},"end":{"line":52,"column":null}}]},"1":{"loc":{"start":{"line":53,"column":0},"end":{"line":55,"column":null}},"type":"if","locations":[{"start":{"line":53,"column":0},"end":{"line":55,"column":null}},{"start":{"line":53,"column":0},"end":{"line":55,"column":null}}]},"2":{"loc":{"start":{"line":53,"column":0},"end":{"line":53,"column":null}},"type":"binary-expr","locations":[{"start":{"line":53,"column":0},"end":{"line":53,"column":null}},{"start":{"line":53,"column":0},"end":{"line":53,"column":null}}]},"3":{"loc":{"start":{"line":56,"column":0},"end":{"line":56,"column":null}},"type":"cond-expr","locations":[{"start":{"line":56,"column":0},"end":{"line":56,"column":null}},{"start":{"line":56,"column":0},"end":{"line":56,"column":null}}]},"4":{"loc":{"start":{"line":59,"column":0},"end":{"line":59,"column":null}},"type":"cond-expr","locations":[{"start":{"line":59,"column":0},"end":{"line":59,"column":null}},{"start":{"line":59,"column":0},"end":{"line":59,"column":null}}]},"5":{"loc":{"start":{"line":62,"column":0},"end":{"line":64,"column":null}},"type":"if","locations":[{"start":{"line":62,"column":0},"end":{"line":64,"column":null}},{"start":{"line":62,"column":0},"end":{"line":64,"column":null}}]},"6":{"loc":{"start":{"line":65,"column":0},"end":{"line":67,"column":null}},"type":"if","locations":[{"start":{"line":65,"column":0},"end":{"line":67,"column":null}},{"start":{"line":65,"column":0},"end":{"line":67,"column":null}}]},"7":{"loc":{"start":{"line":68,"column":0},"end":{"line":68,"column":null}},"type":"cond-expr","locations":[{"start":{"line":68,"column":0},"end":{"line":68,"column":null}},{"start":{"line":68,"column":0},"end":{"line":68,"column":null}}]},"8":{"loc":{"start":{"line":72,"column":0},"end":{"line":74,"column":null}},"type":"if","locations":[{"start":{"line":72,"column":0},"end":{"line":74,"column":null}},{"start":{"line":72,"column":0},"end":{"line":74,"column":null}}]},"9":{"loc":{"start":{"line":72,"column":0},"end":{"line":72,"column":null}},"type":"binary-expr","locations":[{"start":{"line":72,"column":0},"end":{"line":72,"column":null}},{"start":{"line":72,"column":0},"end":{"line":72,"column":null}}]},"10":{"loc":{"start":{"line":82,"column":0},"end":{"line":84,"column":null}},"type":"if","locations":[{"start":{"line":82,"column":0},"end":{"line":84,"column":null}},{"start":{"line":82,"column":0},"end":{"line":84,"column":null}}]},"11":{"loc":{"start":{"line":87,"column":0},"end":{"line":89,"column":null}},"type":"if","locations":[{"start":{"line":87,"column":0},"end":{"line":89,"column":null}},{"start":{"line":87,"column":0},"end":{"line":89,"column":null}}]}},"s":{"0":0,"1":0,"2":0,"3":0,"4":0,"5":0,"6":0,"7":0,"8":0,"9":0,"10":0,"11":0,"12":0,"13":0,"14":0,"15":0,"16":0,"17":0,"18":0,"19":0},"f":{"0":0,"1":0,"2":0,"3":0,"4":0,"5":0,"6":0,"7":0},"b":{"0":[0,0],"1":[0,0],"2":[0,0],"3":[0,0],"4":[0,0],"5":[0,0],"6":[0,0],"7":[0,0],"8":[0,0],"9":[0,0],"10":[0,0],"11":[0,0]}}
,"/Users/siyuan/Documents/www/frame-moban/nuxt-moban/components/public/PdfPage.vue": {"path":"/Users/siyuan/Documents/www/frame-moban/nuxt-moban/components/public/PdfPage.vue","statementMap":{"0":{"start":{"line":8,"column":0},"end":{"line":8,"column":null}},"1":{"start":{"line":9,"column":0},"end":{"line":9,"column":null}},"2":{"start":{"line":23,"column":0},"end":{"line":23,"column":null}},"3":{"start":{"line":31,"column":0},"end":{"line":33,"column":null}},"4":{"start":{"line":37,"column":0},"end":{"line":37,"column":null}},"5":{"start":{"line":38,"column":0},"end":{"line":38,"column":null}},"6":{"start":{"line":40,"column":0},"end":{"line":40,"column":null}},"7":{"start":{"line":48,"column":0},"end":{"line":51,"column":null}},"8":{"start":{"line":50,"column":0},"end":{"line":50,"column":null}},"9":{"start":{"line":52,"column":0},"end":{"line":54,"column":null}},"10":{"start":{"line":55,"column":0},"end":{"line":57,"column":null}},"11":{"start":{"line":60,"column":0},"end":{"line":60,"column":null}},"12":{"start":{"line":63,"column":0},"end":{"line":63,"column":null}},"13":{"start":{"line":66,"column":0},"end":{"line":66,"column":null}}},"fnMap":{"0":{"name":"(anonymous_2)","decl":{"start":{"line":22,"column":0},"end":{"line":22,"column":null}},"loc":{"start":{"line":22,"column":0},"end":{"line":29,"column":null}}},"1":{"name":"(anonymous_3)","decl":{"start":{"line":30,"column":0},"end":{"line":30,"column":null}},"loc":{"start":{"line":30,"column":0},"end":{"line":34,"column":null}}},"2":{"name":"(anonymous_4)","decl":{"start":{"line":31,"column":0},"end":{"line":31,"column":null}},"loc":{"start":{"line":31,"column":0},"end":{"line":33,"column":null}}},"3":{"name":"(anonymous_5)","decl":{"start":{"line":36,"column":0},"end":{"line":36,"column":null}},"loc":{"start":{"line":36,"column":0},"end":{"line":58,"column":null}}},"4":{"name":"(anonymous_6)","decl":{"start":{"line":48,"column":0},"end":{"line":48,"column":null}},"loc":{"start":{"line":48,"column":0},"end":{"line":51,"column":null}}},"5":{"name":"(anonymous_7)","decl":{"start":{"line":52,"column":0},"end":{"line":52,"column":null}},"loc":{"start":{"line":52,"column":0},"end":{"line":54,"column":null}}},"6":{"name":"(anonymous_8)","decl":{"start":{"line":55,"column":0},"end":{"line":55,"column":null}},"loc":{"start":{"line":55,"column":0},"end":{"line":57,"column":null}}},"7":{"name":"(anonymous_9)","decl":{"start":{"line":59,"column":0},"end":{"line":59,"column":null}},"loc":{"start":{"line":59,"column":0},"end":{"line":61,"column":null}}},"8":{"name":"(anonymous_10)","decl":{"start":{"line":62,"column":0},"end":{"line":62,"column":null}},"loc":{"start":{"line":62,"column":0},"end":{"line":64,"column":null}}},"9":{"name":"(anonymous_11)","decl":{"start":{"line":65,"column":0},"end":{"line":65,"column":null}},"loc":{"start":{"line":65,"column":0},"end":{"line":67,"column":null}}}},"branchMap":{},"s":{"0":0,"1":0,"2":0,"3":0,"4":0,"5":0,"6":0,"7":0,"8":0,"9":0,"10":0,"11":0,"12":0,"13":0},"f":{"0":0,"1":0,"2":0,"3":0,"4":0,"5":0,"6":0,"7":0,"8":0,"9":0},"b":{}}
,"/Users/siyuan/Documents/www/frame-moban/nuxt-moban/components/public/PdfPagePc.vue": {"path":"/Users/siyuan/Documents/www/frame-moban/nuxt-moban/components/public/PdfPagePc.vue","statementMap":{"0":{"start":{"line":15,"column":0},"end":{"line":15,"column":null}},"1":{"start":{"line":16,"column":0},"end":{"line":16,"column":null}},"2":{"start":{"line":31,"column":0},"end":{"line":31,"column":null}},"3":{"start":{"line":40,"column":0},"end":{"line":40,"column":null}},"4":{"start":{"line":43,"column":0},"end":{"line":43,"column":null}},"5":{"start":{"line":46,"column":0},"end":{"line":46,"column":null}}},"fnMap":{"0":{"name":"(anonymous_2)","decl":{"start":{"line":30,"column":0},"end":{"line":30,"column":null}},"loc":{"start":{"line":30,"column":0},"end":{"line":36,"column":null}}},"1":{"name":"(anonymous_3)","decl":{"start":{"line":37,"column":0},"end":{"line":37,"column":null}},"loc":{"start":{"line":37,"column":0},"end":{"line":37,"column":null}}},"2":{"name":"(anonymous_4)","decl":{"start":{"line":39,"column":0},"end":{"line":39,"column":null}},"loc":{"start":{"line":39,"column":0},"end":{"line":41,"column":null}}},"3":{"name":"(anonymous_5)","decl":{"start":{"line":42,"column":0},"end":{"line":42,"column":null}},"loc":{"start":{"line":42,"column":0},"end":{"line":44,"column":null}}},"4":{"name":"(anonymous_6)","decl":{"start":{"line":45,"column":0},"end":{"line":45,"column":null}},"loc":{"start":{"line":45,"column":0},"end":{"line":48,"column":null}}}},"branchMap":{},"s":{"0":0,"1":0,"2":0,"3":0,"4":0,"5":0},"f":{"0":0,"1":0,"2":0,"3":0,"4":0},"b":{}}
,"/Users/siyuan/Documents/www/frame-moban/nuxt-moban/components/public/Position.vue": {"path":"/Users/siyuan/Documents/www/frame-moban/nuxt-moban/components/public/Position.vue","statementMap":{"0":{"start":{"line":36,"column":0},"end":{"line":36,"column":null}},"1":{"start":{"line":41,"column":0},"end":{"line":41,"column":null}},"2":{"start":{"line":47,"column":0},"end":{"line":47,"column":null}},"3":{"start":{"line":48,"column":0},"end":{"line":48,"column":null}},"4":{"start":{"line":52,"column":0},"end":{"line":52,"column":null}},"5":{"start":{"line":53,"column":0},"end":{"line":53,"column":null}},"6":{"start":{"line":54,"column":0},"end":{"line":74,"column":null}},"7":{"start":{"line":55,"column":0},"end":{"line":56,"column":null}},"8":{"start":{"line":60,"column":0},"end":{"line":74,"column":null}},"9":{"start":{"line":61,"column":0},"end":{"line":61,"column":null}},"10":{"start":{"line":62,"column":0},"end":{"line":62,"column":null}},"11":{"start":{"line":63,"column":0},"end":{"line":73,"column":null}},"12":{"start":{"line":64,"column":0},"end":{"line":71,"column":null}},"13":{"start":{"line":65,"column":0},"end":{"line":70,"column":null}},"14":{"start":{"line":66,"column":0},"end":{"line":66,"column":null}},"15":{"start":{"line":75,"column":0},"end":{"line":80,"column":null}},"16":{"start":{"line":76,"column":0},"end":{"line":76,"column":null}},"17":{"start":{"line":81,"column":0},"end":{"line":81,"column":null}}},"fnMap":{"0":{"name":"(anonymous_1)","decl":{"start":{"line":35,"column":0},"end":{"line":35,"column":null}},"loc":{"start":{"line":35,"column":0},"end":{"line":37,"column":null}}},"1":{"name":"(anonymous_2)","decl":{"start":{"line":40,"column":0},"end":{"line":40,"column":null}},"loc":{"start":{"line":40,"column":0},"end":{"line":45,"column":null}}},"2":{"name":"(anonymous_3)","decl":{"start":{"line":46,"column":0},"end":{"line":46,"column":null}},"loc":{"start":{"line":46,"column":0},"end":{"line":49,"column":null}}},"3":{"name":"(anonymous_4)","decl":{"start":{"line":51,"column":0},"end":{"line":51,"column":null}},"loc":{"start":{"line":51,"column":0},"end":{"line":82,"column":null}}},"4":{"name":"(anonymous_5)","decl":{"start":{"line":64,"column":0},"end":{"line":64,"column":null}},"loc":{"start":{"line":64,"column":0},"end":{"line":71,"column":null}}},"5":{"name":"(anonymous_6)","decl":{"start":{"line":75,"column":0},"end":{"line":75,"column":null}},"loc":{"start":{"line":75,"column":0},"end":{"line":80,"column":null}}}},"branchMap":{"0":{"loc":{"start":{"line":47,"column":0},"end":{"line":47,"column":null}},"type":"binary-expr","locations":[{"start":{"line":47,"column":0},"end":{"line":47,"column":null}},{"start":{"line":47,"column":0},"end":{"line":47,"column":null}}]},"1":{"loc":{"start":{"line":54,"column":0},"end":{"line":74,"column":null}},"type":"if","locations":[{"start":{"line":54,"column":0},"end":{"line":74,"column":null}},{"start":{"line":54,"column":0},"end":{"line":74,"column":null}}]},"2":{"loc":{"start":{"line":60,"column":0},"end":{"line":74,"column":null}},"type":"if","locations":[{"start":{"line":60,"column":0},"end":{"line":74,"column":null}},{"start":{"line":60,"column":0},"end":{"line":74,"column":null}}]},"3":{"loc":{"start":{"line":63,"column":0},"end":{"line":73,"column":null}},"type":"if","locations":[{"start":{"line":63,"column":0},"end":{"line":73,"column":null}},{"start":{"line":63,"column":0},"end":{"line":73,"column":null}}]},"4":{"loc":{"start":{"line":65,"column":0},"end":{"line":70,"column":null}},"type":"if","locations":[{"start":{"line":65,"column":0},"end":{"line":70,"column":null}},{"start":{"line":65,"column":0},"end":{"line":70,"column":null}}]}},"s":{"0":0,"1":0,"2":0,"3":0,"4":0,"5":0,"6":0,"7":0,"8":0,"9":0,"10":0,"11":0,"12":0,"13":0,"14":0,"15":0,"16":0,"17":0},"f":{"0":0,"1":0,"2":0,"3":0,"4":0,"5":0},"b":{"0":[0,0],"1":[0,0],"2":[0,0],"3":[0,0],"4":[0,0]}}
,"/Users/siyuan/Documents/www/frame-moban/nuxt-moban/components/public/VideoPage.vue": {"path":"/Users/siyuan/Documents/www/frame-moban/nuxt-moban/components/public/VideoPage.vue","statementMap":{"0":{"start":{"line":19,"column":0},"end":{"line":19,"column":null}},"1":{"start":{"line":29,"column":0},"end":{"line":29,"column":null}},"2":{"start":{"line":34,"column":0},"end":{"line":34,"column":null}},"3":{"start":{"line":35,"column":0},"end":{"line":35,"column":null}},"4":{"start":{"line":53,"column":0},"end":{"line":53,"column":null}},"5":{"start":{"line":56,"column":0},"end":{"line":58,"column":null}},"6":{"start":{"line":57,"column":0},"end":{"line":57,"column":null}},"7":{"start":{"line":59,"column":0},"end":{"line":59,"column":null}},"8":{"start":{"line":63,"column":0},"end":{"line":65,"column":null}},"9":{"start":{"line":64,"column":0},"end":{"line":64,"column":null}},"10":{"start":{"line":66,"column":0},"end":{"line":73,"column":null}},"11":{"start":{"line":67,"column":0},"end":{"line":67,"column":null}},"12":{"start":{"line":68,"column":0},"end":{"line":72,"column":null}},"13":{"start":{"line":69,"column":0},"end":{"line":69,"column":null}},"14":{"start":{"line":70,"column":0},"end":{"line":70,"column":null}},"15":{"start":{"line":71,"column":0},"end":{"line":71,"column":null}},"16":{"start":{"line":74,"column":0},"end":{"line":76,"column":null}},"17":{"start":{"line":75,"column":0},"end":{"line":75,"column":null}},"18":{"start":{"line":79,"column":0},"end":{"line":79,"column":null}},"19":{"start":{"line":85,"column":0},"end":{"line":85,"column":null}}},"fnMap":{"0":{"name":"(anonymous_1)","decl":{"start":{"line":18,"column":0},"end":{"line":18,"column":null}},"loc":{"start":{"line":18,"column":0},"end":{"line":25,"column":null}}},"1":{"name":"(anonymous_2)","decl":{"start":{"line":28,"column":0},"end":{"line":28,"column":null}},"loc":{"start":{"line":28,"column":0},"end":{"line":32,"column":null}}},"2":{"name":"(anonymous_3)","decl":{"start":{"line":33,"column":0},"end":{"line":33,"column":null}},"loc":{"start":{"line":33,"column":0},"end":{"line":54,"column":null}}},"3":{"name":"(anonymous_4)","decl":{"start":{"line":55,"column":0},"end":{"line":55,"column":null}},"loc":{"start":{"line":55,"column":0},"end":{"line":60,"column":null}}},"4":{"name":"(anonymous_5)","decl":{"start":{"line":62,"column":0},"end":{"line":62,"column":null}},"loc":{"start":{"line":62,"column":0},"end":{"line":77,"column":null}}},"5":{"name":"(anonymous_6)","decl":{"start":{"line":63,"column":0},"end":{"line":63,"column":null}},"loc":{"start":{"line":63,"column":0},"end":{"line":65,"column":null}}},"6":{"name":"(anonymous_7)","decl":{"start":{"line":66,"column":0},"end":{"line":66,"column":null}},"loc":{"start":{"line":66,"column":0},"end":{"line":73,"column":null}}},"7":{"name":"(anonymous_8)","decl":{"start":{"line":74,"column":0},"end":{"line":74,"column":null}},"loc":{"start":{"line":74,"column":0},"end":{"line":76,"column":null}}},"8":{"name":"(anonymous_9)","decl":{"start":{"line":78,"column":0},"end":{"line":78,"column":null}},"loc":{"start":{"line":78,"column":0},"end":{"line":86,"column":null}}}},"branchMap":{"0":{"loc":{"start":{"line":56,"column":0},"end":{"line":58,"column":null}},"type":"if","locations":[{"start":{"line":56,"column":0},"end":{"line":58,"column":null}},{"start":{"line":56,"column":0},"end":{"line":58,"column":null}}]},"1":{"loc":{"start":{"line":68,"column":0},"end":{"line":72,"column":null}},"type":"if","locations":[{"start":{"line":68,"column":0},"end":{"line":72,"column":null}},{"start":{"line":68,"column":0},"end":{"line":72,"column":null}}]},"2":{"loc":{"start":{"line":82,"column":0},"end":{"line":82,"column":null}},"type":"cond-expr","locations":[{"start":{"line":82,"column":0},"end":{"line":82,"column":null}},{"start":{"line":82,"column":0},"end":{"line":82,"column":null}}]}},"s":{"0":0,"1":0,"2":0,"3":0,"4":0,"5":0,"6":0,"7":0,"8":0,"9":0,"10":0,"11":0,"12":0,"13":0,"14":0,"15":0,"16":0,"17":0,"18":0,"19":0},"f":{"0":0,"1":0,"2":0,"3":0,"4":0,"5":0,"6":0,"7":0,"8":0},"b":{"0":[0,0],"1":[0,0],"2":[0,0]}}
,"/Users/siyuan/Documents/www/frame-moban/nuxt-moban/components/public/model/model.vue": {"path":"/Users/siyuan/Documents/www/frame-moban/nuxt-moban/components/public/model/model.vue","statementMap":{"0":{"start":{"line":24,"column":0},"end":{"line":24,"column":null}},"1":{"start":{"line":39,"column":0},"end":{"line":39,"column":null}},"2":{"start":{"line":40,"column":0},"end":{"line":40,"column":null}},"3":{"start":{"line":43,"column":0},"end":{"line":43,"column":null}},"4":{"start":{"line":44,"column":0},"end":{"line":44,"column":null}}},"fnMap":{"0":{"name":"(anonymous_1)","decl":{"start":{"line":23,"column":0},"end":{"line":23,"column":null}},"loc":{"start":{"line":23,"column":0},"end":{"line":36,"column":null}}},"1":{"name":"(anonymous_2)","decl":{"start":{"line":33,"column":0},"end":{"line":33,"column":null}},"loc":{"start":{"line":33,"column":0},"end":{"line":33,"column":null}}},"2":{"name":"(anonymous_3)","decl":{"start":{"line":34,"column":0},"end":{"line":34,"column":null}},"loc":{"start":{"line":34,"column":0},"end":{"line":34,"column":null}}},"3":{"name":"(anonymous_4)","decl":{"start":{"line":38,"column":0},"end":{"line":38,"column":null}},"loc":{"start":{"line":38,"column":0},"end":{"line":41,"column":null}}},"4":{"name":"(anonymous_5)","decl":{"start":{"line":42,"column":0},"end":{"line":42,"column":null}},"loc":{"start":{"line":42,"column":0},"end":{"line":45,"column":null}}}},"branchMap":{},"s":{"0":0,"1":0,"2":0,"3":0,"4":0},"f":{"0":0,"1":0,"2":0,"3":0,"4":0},"b":{}}
,"/Users/siyuan/Documents/www/frame-moban/nuxt-moban/components/src/HeadersMenuPc.vue": {"path":"/Users/siyuan/Documents/www/frame-moban/nuxt-moban/components/src/HeadersMenuPc.vue","statementMap":{"0":{"start":{"line":74,"column":0},"end":{"line":74,"column":null}},"1":{"start":{"line":85,"column":0},"end":{"line":85,"column":null}},"2":{"start":{"line":90,"column":0},"end":{"line":90,"column":null}},"3":{"start":{"line":145,"column":0},"end":{"line":145,"column":null}},"4":{"start":{"line":150,"column":0},"end":{"line":153,"column":null}},"5":{"start":{"line":151,"column":0},"end":{"line":151,"column":null}},"6":{"start":{"line":152,"column":0},"end":{"line":152,"column":null}},"7":{"start":{"line":154,"column":0},"end":{"line":154,"column":null}},"8":{"start":{"line":159,"column":0},"end":{"line":159,"column":null}},"9":{"start":{"line":160,"column":0},"end":{"line":160,"column":null}},"10":{"start":{"line":161,"column":0},"end":{"line":161,"column":null}},"11":{"start":{"line":164,"column":0},"end":{"line":169,"column":null}},"12":{"start":{"line":165,"column":0},"end":{"line":165,"column":null}},"13":{"start":{"line":168,"column":0},"end":{"line":168,"column":null}},"14":{"start":{"line":170,"column":0},"end":{"line":170,"column":null}},"15":{"start":{"line":173,"column":0},"end":{"line":173,"column":null}},"16":{"start":{"line":176,"column":0},"end":{"line":176,"column":null}},"17":{"start":{"line":179,"column":0},"end":{"line":179,"column":null}},"18":{"start":{"line":182,"column":0},"end":{"line":182,"column":null}}},"fnMap":{"0":{"name":"(anonymous_1)","decl":{"start":{"line":84,"column":0},"end":{"line":84,"column":null}},"loc":{"start":{"line":84,"column":0},"end":{"line":86,"column":null}}},"1":{"name":"(anonymous_2)","decl":{"start":{"line":89,"column":0},"end":{"line":89,"column":null}},"loc":{"start":{"line":89,"column":0},"end":{"line":143,"column":null}}},"2":{"name":"(anonymous_3)","decl":{"start":{"line":144,"column":0},"end":{"line":144,"column":null}},"loc":{"start":{"line":144,"column":0},"end":{"line":147,"column":null}}},"3":{"name":"(anonymous_4)","decl":{"start":{"line":149,"column":0},"end":{"line":149,"column":null}},"loc":{"start":{"line":149,"column":0},"end":{"line":157,"column":null}}},"4":{"name":"(anonymous_5)","decl":{"start":{"line":158,"column":0},"end":{"line":158,"column":null}},"loc":{"start":{"line":158,"column":0},"end":{"line":162,"column":null}}},"5":{"name":"(anonymous_6)","decl":{"start":{"line":163,"column":0},"end":{"line":163,"column":null}},"loc":{"start":{"line":163,"column":0},"end":{"line":171,"column":null}}},"6":{"name":"(anonymous_7)","decl":{"start":{"line":172,"column":0},"end":{"line":172,"column":null}},"loc":{"start":{"line":172,"column":0},"end":{"line":174,"column":null}}},"7":{"name":"(anonymous_8)","decl":{"start":{"line":175,"column":0},"end":{"line":175,"column":null}},"loc":{"start":{"line":175,"column":0},"end":{"line":177,"column":null}}},"8":{"name":"(anonymous_9)","decl":{"start":{"line":178,"column":0},"end":{"line":178,"column":null}},"loc":{"start":{"line":178,"column":0},"end":{"line":180,"column":null}}},"9":{"name":"(anonymous_10)","decl":{"start":{"line":181,"column":0},"end":{"line":181,"column":null}},"loc":{"start":{"line":181,"column":0},"end":{"line":183,"column":null}}}},"branchMap":{"0":{"loc":{"start":{"line":150,"column":0},"end":{"line":153,"column":null}},"type":"if","locations":[{"start":{"line":150,"column":0},"end":{"line":153,"column":null}},{"start":{"line":150,"column":0},"end":{"line":153,"column":null}}]},"1":{"loc":{"start":{"line":164,"column":0},"end":{"line":169,"column":null}},"type":"if","locations":[{"start":{"line":164,"column":0},"end":{"line":169,"column":null}},{"start":{"line":164,"column":0},"end":{"line":169,"column":null}}]}},"s":{"0":0,"1":0,"2":0,"3":0,"4":0,"5":0,"6":0,"7":0,"8":0,"9":0,"10":0,"11":0,"12":0,"13":0,"14":0,"15":0,"16":0,"17":0,"18":0},"f":{"0":0,"1":0,"2":0,"3":0,"4":0,"5":0,"6":0,"7":0,"8":0,"9":0},"b":{"0":[0,0],"1":[0,0]}}
,"/Users/siyuan/Documents/www/frame-moban/nuxt-moban/pages/_lang/index.vue": {"path":"/Users/siyuan/Documents/www/frame-moban/nuxt-moban/pages/_lang/index.vue","statementMap":{"0":{"start":{"line":13,"column":0},"end":{"line":13,"column":null}},"1":{"start":{"line":23,"column":0},"end":{"line":23,"column":null}},"2":{"start":{"line":29,"column":0},"end":{"line":29,"column":null}},"3":{"start":{"line":36,"column":0},"end":{"line":36,"column":null}}},"fnMap":{"0":{"name":"(anonymous_1)","decl":{"start":{"line":12,"column":0},"end":{"line":12,"column":null}},"loc":{"start":{"line":12,"column":0},"end":{"line":21,"column":null}}},"1":{"name":"(anonymous_2)","decl":{"start":{"line":22,"column":0},"end":{"line":22,"column":null}},"loc":{"start":{"line":22,"column":0},"end":{"line":27,"column":null}}},"2":{"name":"(anonymous_3)","decl":{"start":{"line":28,"column":0},"end":{"line":28,"column":null}},"loc":{"start":{"line":28,"column":0},"end":{"line":33,"column":null}}},"3":{"name":"(anonymous_4)","decl":{"start":{"line":34,"column":0},"end":{"line":34,"column":null}},"loc":{"start":{"line":34,"column":0},"end":{"line":34,"column":null}}},"4":{"name":"(anonymous_5)","decl":{"start":{"line":35,"column":0},"end":{"line":35,"column":null}},"loc":{"start":{"line":35,"column":0},"end":{"line":37,"column":null}}},"5":{"name":"(anonymous_6)","decl":{"start":{"line":36,"column":0},"end":{"line":36,"column":null}},"loc":{"start":{"line":36,"column":0},"end":{"line":36,"column":null}}}},"branchMap":{},"s":{"0":0,"1":0,"2":0,"3":0},"f":{"0":0,"1":0,"2":0,"3":0,"4":0,"5":0},"b":{}}
}
